2021-11-19 16:44:28,721 CRIT Supervisor is running as root.  Privileges were not dropped because no user is specified in the config file.  If you intend to run as root, you can set user=root in the config file to avoid this message.
2021-11-19 16:44:28,721 INFO Included extra file "/etc/supervisor/conf.d/supervisor.conf" during parsing
2021-11-19 16:44:28,725 INFO RPC interface 'supervisor' initialized
2021-11-19 16:44:28,725 CRIT Server 'unix_http_server' running without any HTTP authentication checking
2021-11-19 16:44:28,725 INFO supervisord started with pid 8
2021-11-19 16:44:28,783 CRIT Supervisor is running as root.  Privileges were not dropped because no user is specified in the config file.  If you intend to run as root, you can set user=root in the config file to avoid this message.
2021-11-19 16:44:28,784 INFO Included extra file "/etc/supervisor/conf.d/supervisor.conf" during parsing
2021-11-19 16:44:28,787 INFO RPC interface 'supervisor' initialized
2021-11-19 16:44:28,787 CRIT Server 'unix_http_server' running without any HTTP authentication checking
2021-11-19 16:44:28,787 INFO supervisord started with pid 8
2021-11-19 18:45:20,631 WARN received SIGQUIT indicating exit request
2021-11-19 18:45:20,751 WARN received SIGQUIT indicating exit request
2021-11-19 18:45:26,787 CRIT Supervisor is running as root.  Privileges were not dropped because no user is specified in the config file.  If you intend to run as root, you can set user=root in the config file to avoid this message.
2021-11-19 18:45:26,787 INFO Included extra file "/etc/supervisor/conf.d/supervisor.conf" during parsing
2021-11-19 18:45:26,793 INFO RPC interface 'supervisor' initialized
2021-11-19 18:45:26,793 CRIT Server 'unix_http_server' running without any HTTP authentication checking
2021-11-19 18:45:26,794 INFO supervisord started with pid 7
2021-11-19 18:45:27,024 CRIT Supervisor is running as root.  Privileges were not dropped because no user is specified in the config file.  If you intend to run as root, you can set user=root in the config file to avoid this message.
2021-11-19 18:45:27,024 INFO Included extra file "/etc/supervisor/conf.d/supervisor.conf" during parsing
2021-11-19 18:45:27,030 INFO RPC interface 'supervisor' initialized
2021-11-19 18:45:27,031 CRIT Server 'unix_http_server' running without any HTTP authentication checking
2021-11-19 18:45:27,031 INFO supervisord started with pid 8
2021-11-19 18:51:30,220 WARN received SIGQUIT indicating exit request
2021-11-19 18:51:30,464 WARN received SIGQUIT indicating exit request
2021-11-19 19:07:08,994 CRIT Supervisor is running as root.  Privileges were not dropped because no user is specified in the config file.  If you intend to run as root, you can set user=root in the config file to avoid this message.
2021-11-19 19:07:08,994 INFO Included extra file "/etc/supervisor/conf.d/supervisor.conf" during parsing
2021-11-19 19:07:08,997 INFO RPC interface 'supervisor' initialized
2021-11-19 19:07:08,997 CRIT Server 'unix_http_server' running without any HTTP authentication checking
2021-11-19 19:07:08,997 INFO supervisord started with pid 7
2021-11-19 19:07:09,053 CRIT Supervisor is running as root.  Privileges were not dropped because no user is specified in the config file.  If you intend to run as root, you can set user=root in the config file to avoid this message.
2021-11-19 19:07:09,053 INFO Included extra file "/etc/supervisor/conf.d/supervisor.conf" during parsing
2021-11-19 19:07:09,056 INFO RPC interface 'supervisor' initialized
2021-11-19 19:07:09,056 CRIT Server 'unix_http_server' running without any HTTP authentication checking
2021-11-19 19:07:09,056 INFO supervisord started with pid 7
2021-11-19 19:15:52,598 WARN received SIGQUIT indicating exit request
2021-11-19 19:15:52,663 WARN received SIGQUIT indicating exit request
2021-11-19 19:16:02,798 CRIT Supervisor is running as root.  Privileges were not dropped because no user is specified in the config file.  If you intend to run as root, you can set user=root in the config file to avoid this message.
2021-11-19 19:16:02,798 INFO Included extra file "/etc/supervisor/conf.d/supervisor.conf" during parsing
2021-11-19 19:16:02,804 INFO RPC interface 'supervisor' initialized
2021-11-19 19:16:02,804 CRIT Server 'unix_http_server' running without any HTTP authentication checking
2021-11-19 19:16:02,805 INFO supervisord started with pid 7
2021-11-19 19:16:03,023 CRIT Supervisor is running as root.  Privileges were not dropped because no user is specified in the config file.  If you intend to run as root, you can set user=root in the config file to avoid this message.
2021-11-19 19:16:03,023 INFO Included extra file "/etc/supervisor/conf.d/supervisor.conf" during parsing
2021-11-19 19:16:03,025 INFO RPC interface 'supervisor' initialized
2021-11-19 19:16:03,025 CRIT Server 'unix_http_server' running without any HTTP authentication checking
2021-11-19 19:16:03,025 INFO supervisord started with pid 7
2021-11-19 19:23:04,321 WARN received SIGQUIT indicating exit request
2021-11-19 19:23:04,551 WARN received SIGQUIT indicating exit request
2021-11-19 19:23:08,493 CRIT Supervisor is running as root.  Privileges were not dropped because no user is specified in the config file.  If you intend to run as root, you can set user=root in the config file to avoid this message.
2021-11-19 19:23:08,493 INFO Included extra file "/etc/supervisor/conf.d/supervisor.conf" during parsing
2021-11-19 19:23:08,496 INFO RPC interface 'supervisor' initialized
2021-11-19 19:23:08,496 CRIT Server 'unix_http_server' running without any HTTP authentication checking
2021-11-19 19:23:08,497 INFO supervisord started with pid 8
2021-11-19 19:23:08,853 CRIT Supervisor is running as root.  Privileges were not dropped because no user is specified in the config file.  If you intend to run as root, you can set user=root in the config file to avoid this message.
2021-11-19 19:23:08,854 INFO Included extra file "/etc/supervisor/conf.d/supervisor.conf" during parsing
2021-11-19 19:23:08,858 INFO RPC interface 'supervisor' initialized
2021-11-19 19:23:08,858 CRIT Server 'unix_http_server' running without any HTTP authentication checking
2021-11-19 19:23:08,859 INFO supervisord started with pid 8
2021-11-19 19:43:37,269 WARN received SIGQUIT indicating exit request
2021-11-19 19:43:37,907 WARN received SIGQUIT indicating exit request
2021-11-19 19:43:53,700 CRIT Supervisor is running as root.  Privileges were not dropped because no user is specified in the config file.  If you intend to run as root, you can set user=root in the config file to avoid this message.
2021-11-19 19:43:53,700 INFO Included extra file "/etc/supervisor/conf.d/supervisor.conf" during parsing
2021-11-19 19:43:53,704 INFO RPC interface 'supervisor' initialized
2021-11-19 19:43:53,704 CRIT Server 'unix_http_server' running without any HTTP authentication checking
2021-11-19 19:43:53,704 INFO supervisord started with pid 7
2021-11-19 19:43:53,736 CRIT Supervisor is running as root.  Privileges were not dropped because no user is specified in the config file.  If you intend to run as root, you can set user=root in the config file to avoid this message.
2021-11-19 19:43:53,736 INFO Included extra file "/etc/supervisor/conf.d/supervisor.conf" during parsing
2021-11-19 19:43:53,742 INFO RPC interface 'supervisor' initialized
2021-11-19 19:43:53,742 CRIT Server 'unix_http_server' running without any HTTP authentication checking
2021-11-19 19:43:53,742 INFO supervisord started with pid 7
2021-11-19 19:46:57,918 WARN received SIGQUIT indicating exit request
2021-11-19 19:46:57,956 WARN received SIGQUIT indicating exit request
2021-11-19 19:47:03,221 CRIT Supervisor is running as root.  Privileges were not dropped because no user is specified in the config file.  If you intend to run as root, you can set user=root in the config file to avoid this message.
2021-11-19 19:47:03,221 INFO Included extra file "/etc/supervisor/conf.d/supervisor.conf" during parsing
2021-11-19 19:47:03,226 INFO RPC interface 'supervisor' initialized
2021-11-19 19:47:03,227 CRIT Server 'unix_http_server' running without any HTTP authentication checking
2021-11-19 19:47:03,227 INFO supervisord started with pid 8
2021-11-19 19:47:03,364 CRIT Supervisor is running as root.  Privileges were not dropped because no user is specified in the config file.  If you intend to run as root, you can set user=root in the config file to avoid this message.
2021-11-19 19:47:03,364 INFO Included extra file "/etc/supervisor/conf.d/supervisor.conf" during parsing
2021-11-19 19:47:03,367 INFO RPC interface 'supervisor' initialized
2021-11-19 19:47:03,367 CRIT Server 'unix_http_server' running without any HTTP authentication checking
2021-11-19 19:47:03,367 INFO supervisord started with pid 8
2021-11-19 19:47:59,291 WARN received SIGQUIT indicating exit request
2021-11-19 19:47:59,430 WARN received SIGQUIT indicating exit request
2021-11-19 19:48:10,120 CRIT Supervisor is running as root.  Privileges were not dropped because no user is specified in the config file.  If you intend to run as root, you can set user=root in the config file to avoid this message.
2021-11-19 19:48:10,120 INFO Included extra file "/etc/supervisor/conf.d/supervisor.conf" during parsing
2021-11-19 19:48:10,122 INFO RPC interface 'supervisor' initialized
2021-11-19 19:48:10,123 CRIT Server 'unix_http_server' running without any HTTP authentication checking
2021-11-19 19:48:10,123 INFO supervisord started with pid 7
2021-11-19 19:48:10,249 CRIT Supervisor is running as root.  Privileges were not dropped because no user is specified in the config file.  If you intend to run as root, you can set user=root in the config file to avoid this message.
2021-11-19 19:48:10,249 INFO Included extra file "/etc/supervisor/conf.d/supervisor.conf" during parsing
2021-11-19 19:48:10,252 INFO RPC interface 'supervisor' initialized
2021-11-19 19:48:10,252 CRIT Server 'unix_http_server' running without any HTTP authentication checking
2021-11-19 19:48:10,252 INFO supervisord started with pid 8
2021-11-19 19:50:35,288 WARN received SIGQUIT indicating exit request
2021-11-19 19:50:35,416 WARN received SIGQUIT indicating exit request
2021-11-19 19:50:41,536 CRIT Supervisor is running as root.  Privileges were not dropped because no user is specified in the config file.  If you intend to run as root, you can set user=root in the config file to avoid this message.
2021-11-19 19:50:41,536 INFO Included extra file "/etc/supervisor/conf.d/supervisor.conf" during parsing
2021-11-19 19:50:41,544 INFO RPC interface 'supervisor' initialized
2021-11-19 19:50:41,544 CRIT Server 'unix_http_server' running without any HTTP authentication checking
2021-11-19 19:50:41,545 INFO supervisord started with pid 6
2021-11-19 19:50:41,552 CRIT Supervisor is running as root.  Privileges were not dropped because no user is specified in the config file.  If you intend to run as root, you can set user=root in the config file to avoid this message.
2021-11-19 19:50:41,553 INFO Included extra file "/etc/supervisor/conf.d/supervisor.conf" during parsing
2021-11-19 19:50:41,558 INFO RPC interface 'supervisor' initialized
2021-11-19 19:50:41,559 CRIT Server 'unix_http_server' running without any HTTP authentication checking
2021-11-19 19:50:41,559 INFO supervisord started with pid 8
2021-11-19 19:58:48,089 WARN received SIGQUIT indicating exit request
2021-11-19 19:58:48,101 WARN received SIGQUIT indicating exit request
2021-11-19 19:59:08,632 CRIT Supervisor is running as root.  Privileges were not dropped because no user is specified in the config file.  If you intend to run as root, you can set user=root in the config file to avoid this message.
2021-11-19 19:59:08,632 INFO Included extra file "/etc/supervisor/conf.d/supervisor.conf" during parsing
2021-11-19 19:59:08,634 INFO RPC interface 'supervisor' initialized
2021-11-19 19:59:08,634 CRIT Server 'unix_http_server' running without any HTTP authentication checking
2021-11-19 19:59:08,634 INFO supervisord started with pid 8
2021-11-19 19:59:08,662 CRIT Supervisor is running as root.  Privileges were not dropped because no user is specified in the config file.  If you intend to run as root, you can set user=root in the config file to avoid this message.
2021-11-19 19:59:08,662 INFO Included extra file "/etc/supervisor/conf.d/supervisor.conf" during parsing
2021-11-19 19:59:08,664 INFO RPC interface 'supervisor' initialized
2021-11-19 19:59:08,664 CRIT Server 'unix_http_server' running without any HTTP authentication checking
2021-11-19 19:59:08,665 INFO supervisord started with pid 8
2021-11-19 20:03:34,936 WARN received SIGQUIT indicating exit request
2021-11-19 20:03:34,964 WARN received SIGQUIT indicating exit request
2021-11-19 20:03:42,704 CRIT Supervisor is running as root.  Privileges were not dropped because no user is specified in the config file.  If you intend to run as root, you can set user=root in the config file to avoid this message.
2021-11-19 20:03:42,704 INFO Included extra file "/etc/supervisor/conf.d/supervisor.conf" during parsing
2021-11-19 20:03:42,710 INFO RPC interface 'supervisor' initialized
2021-11-19 20:03:42,710 CRIT Server 'unix_http_server' running without any HTTP authentication checking
2021-11-19 20:03:42,710 INFO supervisord started with pid 7
2021-11-19 20:03:42,721 CRIT Supervisor is running as root.  Privileges were not dropped because no user is specified in the config file.  If you intend to run as root, you can set user=root in the config file to avoid this message.
2021-11-19 20:03:42,721 INFO Included extra file "/etc/supervisor/conf.d/supervisor.conf" during parsing
2021-11-19 20:03:42,726 INFO RPC interface 'supervisor' initialized
2021-11-19 20:03:42,726 CRIT Server 'unix_http_server' running without any HTTP authentication checking
2021-11-19 20:03:42,726 INFO supervisord started with pid 9
2021-11-19 20:05:14,815 WARN received SIGQUIT indicating exit request
2021-11-19 20:05:14,829 WARN received SIGQUIT indicating exit request
2021-11-19 20:26:53,865 CRIT Supervisor is running as root.  Privileges were not dropped because no user is specified in the config file.  If you intend to run as root, you can set user=root in the config file to avoid this message.
2021-11-19 20:26:53,866 INFO Included extra file "/etc/supervisor/conf.d/supervisor.conf" during parsing
2021-11-19 20:26:53,867 CRIT Supervisor is running as root.  Privileges were not dropped because no user is specified in the config file.  If you intend to run as root, you can set user=root in the config file to avoid this message.
2021-11-19 20:26:53,867 INFO Included extra file "/etc/supervisor/conf.d/supervisor.conf" during parsing
2021-11-19 20:26:53,871 INFO RPC interface 'supervisor' initialized
2021-11-19 20:26:53,871 CRIT Server 'unix_http_server' running without any HTTP authentication checking
2021-11-19 20:26:53,871 INFO supervisord started with pid 7
2021-11-19 20:26:53,875 INFO RPC interface 'supervisor' initialized
2021-11-19 20:26:53,875 CRIT Server 'unix_http_server' running without any HTTP authentication checking
2021-11-19 20:26:53,875 INFO supervisord started with pid 7
2021-11-20 09:55:01,732 WARN received SIGQUIT indicating exit request
2021-11-20 09:55:01,921 WARN received SIGQUIT indicating exit request
2021-11-20 09:55:08,690 CRIT Supervisor is running as root.  Privileges were not dropped because no user is specified in the config file.  If you intend to run as root, you can set user=root in the config file to avoid this message.
2021-11-20 09:55:08,690 INFO Included extra file "/etc/supervisor/conf.d/supervisor.conf" during parsing
2021-11-20 09:55:08,692 INFO RPC interface 'supervisor' initialized
2021-11-20 09:55:08,692 CRIT Server 'unix_http_server' running without any HTTP authentication checking
2021-11-20 09:55:08,692 INFO supervisord started with pid 9
2021-11-20 09:55:08,696 CRIT Supervisor is running as root.  Privileges were not dropped because no user is specified in the config file.  If you intend to run as root, you can set user=root in the config file to avoid this message.
2021-11-20 09:55:08,696 INFO Included extra file "/etc/supervisor/conf.d/supervisor.conf" during parsing
2021-11-20 09:55:08,699 INFO RPC interface 'supervisor' initialized
2021-11-20 09:55:08,699 CRIT Server 'unix_http_server' running without any HTTP authentication checking
2021-11-20 09:55:08,699 INFO supervisord started with pid 7
2021-11-20 09:56:19,764 WARN received SIGQUIT indicating exit request
2021-11-20 09:56:19,773 WARN received SIGQUIT indicating exit request
2021-11-20 10:01:53,199 CRIT Supervisor is running as root.  Privileges were not dropped because no user is specified in the config file.  If you intend to run as root, you can set user=root in the config file to avoid this message.
2021-11-20 10:01:53,199 INFO Included extra file "/etc/supervisor/conf.d/supervisor.conf" during parsing
2021-11-20 10:01:53,207 INFO RPC interface 'supervisor' initialized
2021-11-20 10:01:53,207 CRIT Server 'unix_http_server' running without any HTTP authentication checking
2021-11-20 10:01:53,207 INFO supervisord started with pid 8
2021-11-20 10:01:53,209 CRIT Supervisor is running as root.  Privileges were not dropped because no user is specified in the config file.  If you intend to run as root, you can set user=root in the config file to avoid this message.
2021-11-20 10:01:53,209 INFO Included extra file "/etc/supervisor/conf.d/supervisor.conf" during parsing
2021-11-20 10:01:53,212 INFO RPC interface 'supervisor' initialized
2021-11-20 10:01:53,212 CRIT Server 'unix_http_server' running without any HTTP authentication checking
2021-11-20 10:01:53,212 INFO supervisord started with pid 7
2021-11-20 10:02:13,231 WARN received SIGQUIT indicating exit request
2021-11-20 10:02:13,235 WARN received SIGQUIT indicating exit request
2021-11-20 10:02:48,677 CRIT Supervisor is running as root.  Privileges were not dropped because no user is specified in the config file.  If you intend to run as root, you can set user=root in the config file to avoid this message.
2021-11-20 10:02:48,677 INFO Included extra file "/etc/supervisor/conf.d/supervisor.conf" during parsing
2021-11-20 10:02:48,679 INFO RPC interface 'supervisor' initialized
2021-11-20 10:02:48,679 CRIT Server 'unix_http_server' running without any HTTP authentication checking
2021-11-20 10:02:48,679 INFO supervisord started with pid 8
2021-11-20 10:02:48,951 CRIT Supervisor is running as root.  Privileges were not dropped because no user is specified in the config file.  If you intend to run as root, you can set user=root in the config file to avoid this message.
2021-11-20 10:02:48,951 INFO Included extra file "/etc/supervisor/conf.d/supervisor.conf" during parsing
2021-11-20 10:02:48,958 INFO RPC interface 'supervisor' initialized
2021-11-20 10:02:48,958 CRIT Server 'unix_http_server' running without any HTTP authentication checking
2021-11-20 10:02:48,959 INFO supervisord started with pid 7
2021-11-20 10:03:48,020 WARN received SIGQUIT indicating exit request
2021-11-20 10:03:48,750 WARN received SIGQUIT indicating exit request
2021-11-20 10:03:54,547 CRIT Supervisor is running as root.  Privileges were not dropped because no user is specified in the config file.  If you intend to run as root, you can set user=root in the config file to avoid this message.
2021-11-20 10:03:54,547 INFO Included extra file "/etc/supervisor/conf.d/supervisor.conf" during parsing
2021-11-20 10:03:54,550 INFO RPC interface 'supervisor' initialized
2021-11-20 10:03:54,550 CRIT Server 'unix_http_server' running without any HTTP authentication checking
2021-11-20 10:03:54,550 INFO supervisord started with pid 8
2021-11-20 10:03:54,772 CRIT Supervisor is running as root.  Privileges were not dropped because no user is specified in the config file.  If you intend to run as root, you can set user=root in the config file to avoid this message.
2021-11-20 10:03:54,772 INFO Included extra file "/etc/supervisor/conf.d/supervisor.conf" during parsing
2021-11-20 10:03:54,774 INFO RPC interface 'supervisor' initialized
2021-11-20 10:03:54,774 CRIT Server 'unix_http_server' running without any HTTP authentication checking
2021-11-20 10:03:54,775 INFO supervisord started with pid 7
2021-11-20 10:04:22,583 WARN received SIGQUIT indicating exit request
2021-11-20 10:04:22,808 WARN received SIGQUIT indicating exit request
2021-11-20 10:05:54,118 CRIT Supervisor is running as root.  Privileges were not dropped because no user is specified in the config file.  If you intend to run as root, you can set user=root in the config file to avoid this message.
2021-11-20 10:05:54,119 INFO Included extra file "/etc/supervisor/conf.d/supervisor.conf" during parsing
2021-11-20 10:05:54,121 INFO RPC interface 'supervisor' initialized
2021-11-20 10:05:54,121 CRIT Server 'unix_http_server' running without any HTTP authentication checking
2021-11-20 10:05:54,121 INFO supervisord started with pid 6
2021-11-20 10:05:54,161 CRIT Supervisor is running as root.  Privileges were not dropped because no user is specified in the config file.  If you intend to run as root, you can set user=root in the config file to avoid this message.
2021-11-20 10:05:54,161 INFO Included extra file "/etc/supervisor/conf.d/supervisor.conf" during parsing
2021-11-20 10:05:54,164 INFO RPC interface 'supervisor' initialized
2021-11-20 10:05:54,164 CRIT Server 'unix_http_server' running without any HTTP authentication checking
2021-11-20 10:05:54,164 INFO supervisord started with pid 8
2021-11-20 10:06:45,179 WARN received SIGQUIT indicating exit request
2021-11-20 10:06:45,228 WARN received SIGQUIT indicating exit request
2021-11-20 10:06:51,208 CRIT Supervisor is running as root.  Privileges were not dropped because no user is specified in the config file.  If you intend to run as root, you can set user=root in the config file to avoid this message.
2021-11-20 10:06:51,209 INFO Included extra file "/etc/supervisor/conf.d/supervisor.conf" during parsing
2021-11-20 10:06:51,212 INFO RPC interface 'supervisor' initialized
2021-11-20 10:06:51,212 CRIT Server 'unix_http_server' running without any HTTP authentication checking
2021-11-20 10:06:51,213 INFO supervisord started with pid 6
2021-11-20 10:06:51,218 CRIT Supervisor is running as root.  Privileges were not dropped because no user is specified in the config file.  If you intend to run as root, you can set user=root in the config file to avoid this message.
2021-11-20 10:06:51,218 INFO Included extra file "/etc/supervisor/conf.d/supervisor.conf" during parsing
2021-11-20 10:06:51,221 INFO RPC interface 'supervisor' initialized
2021-11-20 10:06:51,221 CRIT Server 'unix_http_server' running without any HTTP authentication checking
2021-11-20 10:06:51,221 INFO supervisord started with pid 8
2021-11-20 10:16:40,897 WARN received SIGQUIT indicating exit request
2021-11-20 10:16:40,912 WARN received SIGQUIT indicating exit request
2021-11-20 10:16:47,944 CRIT Supervisor is running as root.  Privileges were not dropped because no user is specified in the config file.  If you intend to run as root, you can set user=root in the config file to avoid this message.
2021-11-20 10:16:47,944 INFO Included extra file "/etc/supervisor/conf.d/supervisor.conf" during parsing
2021-11-20 10:16:47,948 INFO RPC interface 'supervisor' initialized
2021-11-20 10:16:47,948 CRIT Server 'unix_http_server' running without any HTTP authentication checking
2021-11-20 10:16:47,948 INFO supervisord started with pid 7
2021-11-20 10:16:48,121 CRIT Supervisor is running as root.  Privileges were not dropped because no user is specified in the config file.  If you intend to run as root, you can set user=root in the config file to avoid this message.
2021-11-20 10:16:48,121 INFO Included extra file "/etc/supervisor/conf.d/supervisor.conf" during parsing
2021-11-20 10:16:48,124 INFO RPC interface 'supervisor' initialized
2021-11-20 10:16:48,124 CRIT Server 'unix_http_server' running without any HTTP authentication checking
2021-11-20 10:16:48,124 INFO supervisord started with pid 7
2021-11-20 10:17:09,971 WARN received SIGQUIT indicating exit request
2021-11-20 10:17:10,151 WARN received SIGQUIT indicating exit request
2021-11-20 10:30:47,708 CRIT Supervisor is running as root.  Privileges were not dropped because no user is specified in the config file.  If you intend to run as root, you can set user=root in the config file to avoid this message.
2021-11-20 10:30:47,708 INFO Included extra file "/etc/supervisor/conf.d/supervisor.conf" during parsing
2021-11-20 10:30:47,714 INFO RPC interface 'supervisor' initialized
2021-11-20 10:30:47,714 CRIT Server 'unix_http_server' running without any HTTP authentication checking
2021-11-20 10:30:47,714 INFO supervisord started with pid 8
2021-11-20 10:31:07,737 WARN received SIGQUIT indicating exit request
2021-11-20 10:31:15,296 CRIT Supervisor is running as root.  Privileges were not dropped because no user is specified in the config file.  If you intend to run as root, you can set user=root in the config file to avoid this message.
2021-11-20 10:31:15,296 INFO Included extra file "/etc/supervisor/conf.d/supervisor.conf" during parsing
2021-11-20 10:31:15,300 INFO RPC interface 'supervisor' initialized
2021-11-20 10:31:15,301 CRIT Server 'unix_http_server' running without any HTTP authentication checking
2021-11-20 10:31:15,301 INFO supervisord started with pid 7
2021-11-20 10:32:54,419 WARN received SIGQUIT indicating exit request
2021-11-20 10:33:21,578 CRIT Supervisor is running as root.  Privileges were not dropped because no user is specified in the config file.  If you intend to run as root, you can set user=root in the config file to avoid this message.
2021-11-20 10:33:21,579 INFO Included extra file "/etc/supervisor/conf.d/supervisor.conf" during parsing
2021-11-20 10:33:21,582 INFO RPC interface 'supervisor' initialized
2021-11-20 10:33:21,582 CRIT Server 'unix_http_server' running without any HTTP authentication checking
2021-11-20 10:33:21,582 INFO supervisord started with pid 8
2021-11-20 10:37:18,863 WARN received SIGQUIT indicating exit request
2021-11-20 10:37:25,776 CRIT Supervisor is running as root.  Privileges were not dropped because no user is specified in the config file.  If you intend to run as root, you can set user=root in the config file to avoid this message.
2021-11-20 10:37:25,776 INFO Included extra file "/etc/supervisor/conf.d/supervisor.conf" during parsing
2021-11-20 10:37:25,779 INFO RPC interface 'supervisor' initialized
2021-11-20 10:37:25,779 CRIT Server 'unix_http_server' running without any HTTP authentication checking
2021-11-20 10:37:25,780 INFO supervisord started with pid 7
2021-11-20 10:38:14,840 WARN received SIGQUIT indicating exit request
2021-11-20 10:38:20,948 CRIT Supervisor is running as root.  Privileges were not dropped because no user is specified in the config file.  If you intend to run as root, you can set user=root in the config file to avoid this message.
2021-11-20 10:38:20,948 INFO Included extra file "/etc/supervisor/conf.d/supervisor.conf" during parsing
2021-11-20 10:38:20,951 INFO RPC interface 'supervisor' initialized
2021-11-20 10:38:20,952 CRIT Server 'unix_http_server' running without any HTTP authentication checking
2021-11-20 10:38:20,952 INFO supervisord started with pid 6
2021-11-20 10:38:55,991 WARN received SIGQUIT indicating exit request
2021-11-20 10:39:01,480 CRIT Supervisor is running as root.  Privileges were not dropped because no user is specified in the config file.  If you intend to run as root, you can set user=root in the config file to avoid this message.
2021-11-20 10:39:01,480 INFO Included extra file "/etc/supervisor/conf.d/supervisor.conf" during parsing
2021-11-20 10:39:01,483 INFO RPC interface 'supervisor' initialized
2021-11-20 10:39:01,483 CRIT Server 'unix_http_server' running without any HTTP authentication checking
2021-11-20 10:39:01,484 INFO supervisord started with pid 7
2021-11-20 10:43:02,781 WARN received SIGQUIT indicating exit request
2021-11-20 10:43:08,008 CRIT Supervisor is running as root.  Privileges were not dropped because no user is specified in the config file.  If you intend to run as root, you can set user=root in the config file to avoid this message.
2021-11-20 10:43:08,008 INFO Included extra file "/etc/supervisor/conf.d/supervisor.conf" during parsing
2021-11-20 10:43:08,012 INFO RPC interface 'supervisor' initialized
2021-11-20 10:43:08,012 CRIT Server 'unix_http_server' running without any HTTP authentication checking
2021-11-20 10:43:08,013 INFO supervisord started with pid 6
2021-11-20 10:44:38,704 CRIT Supervisor is running as root.  Privileges were not dropped because no user is specified in the config file.  If you intend to run as root, you can set user=root in the config file to avoid this message.
2021-11-20 10:44:38,704 INFO Included extra file "/etc/supervisor/conf.d/supervisor.conf" during parsing
2021-11-20 10:44:39,010 INFO RPC interface 'supervisor' initialized
2021-11-20 10:44:39,010 CRIT Server 'unix_http_server' running without any HTTP authentication checking
2021-11-20 10:44:39,010 INFO supervisord started with pid 8
2021-11-20 11:16:40,382 WARN received SIGQUIT indicating exit request
2021-11-20 11:16:45,749 CRIT Supervisor is running as root.  Privileges were not dropped because no user is specified in the config file.  If you intend to run as root, you can set user=root in the config file to avoid this message.
2021-11-20 11:16:45,749 INFO Included extra file "/etc/supervisor/conf.d/supervisor.conf" during parsing
2021-11-20 11:16:45,752 INFO RPC interface 'supervisor' initialized
2021-11-20 11:16:45,752 CRIT Server 'unix_http_server' running without any HTTP authentication checking
2021-11-20 11:16:45,752 INFO supervisord started with pid 7
2021-11-20 11:25:34,350 WARN received SIGQUIT indicating exit request
2021-11-20 11:25:40,923 CRIT Supervisor is running as root.  Privileges were not dropped because no user is specified in the config file.  If you intend to run as root, you can set user=root in the config file to avoid this message.
2021-11-20 11:25:40,923 INFO Included extra file "/etc/supervisor/conf.d/supervisor.conf" during parsing
2021-11-20 11:25:40,926 INFO RPC interface 'supervisor' initialized
2021-11-20 11:25:40,926 CRIT Server 'unix_http_server' running without any HTTP authentication checking
2021-11-20 11:25:40,926 INFO supervisord started with pid 8
2021-11-20 11:27:43,059 WARN received SIGQUIT indicating exit request
2021-11-20 11:27:48,397 CRIT Supervisor is running as root.  Privileges were not dropped because no user is specified in the config file.  If you intend to run as root, you can set user=root in the config file to avoid this message.
2021-11-20 11:27:48,397 INFO Included extra file "/etc/supervisor/conf.d/supervisor.conf" during parsing
2021-11-20 11:27:48,399 INFO RPC interface 'supervisor' initialized
2021-11-20 11:27:48,400 CRIT Server 'unix_http_server' running without any HTTP authentication checking
2021-11-20 11:27:48,400 INFO supervisord started with pid 7
2021-11-20 11:35:08,911 WARN received SIGQUIT indicating exit request
2021-11-20 11:35:15,316 CRIT Supervisor is running as root.  Privileges were not dropped because no user is specified in the config file.  If you intend to run as root, you can set user=root in the config file to avoid this message.
2021-11-20 11:35:15,316 INFO Included extra file "/etc/supervisor/conf.d/supervisor.conf" during parsing
2021-11-20 11:35:15,318 INFO RPC interface 'supervisor' initialized
2021-11-20 11:35:15,318 CRIT Server 'unix_http_server' running without any HTTP authentication checking
2021-11-20 11:35:15,318 INFO supervisord started with pid 8
2021-11-20 11:38:43,558 WARN received SIGQUIT indicating exit request
2021-11-20 11:38:49,573 CRIT Supervisor is running as root.  Privileges were not dropped because no user is specified in the config file.  If you intend to run as root, you can set user=root in the config file to avoid this message.
2021-11-20 11:38:49,573 INFO Included extra file "/etc/supervisor/conf.d/supervisor.conf" during parsing
2021-11-20 11:38:49,576 INFO RPC interface 'supervisor' initialized
2021-11-20 11:38:49,576 CRIT Server 'unix_http_server' running without any HTTP authentication checking
2021-11-20 11:38:49,576 INFO supervisord started with pid 8
2021-11-20 11:43:38,919 WARN received SIGQUIT indicating exit request
2021-11-20 11:43:45,258 CRIT Supervisor is running as root.  Privileges were not dropped because no user is specified in the config file.  If you intend to run as root, you can set user=root in the config file to avoid this message.
2021-11-20 11:43:45,258 INFO Included extra file "/etc/supervisor/conf.d/supervisor.conf" during parsing
2021-11-20 11:43:45,262 INFO RPC interface 'supervisor' initialized
2021-11-20 11:43:45,262 CRIT Server 'unix_http_server' running without any HTTP authentication checking
2021-11-20 11:43:45,262 INFO supervisord started with pid 8
2021-11-20 11:46:17,457 WARN received SIGQUIT indicating exit request
2021-11-20 11:46:24,223 CRIT Supervisor is running as root.  Privileges were not dropped because no user is specified in the config file.  If you intend to run as root, you can set user=root in the config file to avoid this message.
2021-11-20 11:46:24,223 INFO Included extra file "/etc/supervisor/conf.d/supervisor.conf" during parsing
2021-11-20 11:46:24,227 INFO RPC interface 'supervisor' initialized
2021-11-20 11:46:24,228 CRIT Server 'unix_http_server' running without any HTTP authentication checking
2021-11-20 11:46:24,228 INFO supervisord started with pid 9
2021-11-20 11:47:30,307 WARN received SIGQUIT indicating exit request
2021-11-20 11:47:36,523 CRIT Supervisor is running as root.  Privileges were not dropped because no user is specified in the config file.  If you intend to run as root, you can set user=root in the config file to avoid this message.
2021-11-20 11:47:36,524 INFO Included extra file "/etc/supervisor/conf.d/supervisor.conf" during parsing
2021-11-20 11:47:36,527 INFO RPC interface 'supervisor' initialized
2021-11-20 11:47:36,527 CRIT Server 'unix_http_server' running without any HTTP authentication checking
2021-11-20 11:47:36,527 INFO supervisord started with pid 8
2021-11-20 11:51:15,802 WARN received SIGQUIT indicating exit request
2021-11-20 11:51:59,223 CRIT Supervisor is running as root.  Privileges were not dropped because no user is specified in the config file.  If you intend to run as root, you can set user=root in the config file to avoid this message.
2021-11-20 11:51:59,223 INFO Included extra file "/etc/supervisor/conf.d/supervisor.conf" during parsing
2021-11-20 11:51:59,226 INFO RPC interface 'supervisor' initialized
2021-11-20 11:51:59,226 CRIT Server 'unix_http_server' running without any HTTP authentication checking
2021-11-20 11:51:59,227 INFO supervisord started with pid 6
2021-11-20 11:52:09,238 WARN received SIGQUIT indicating exit request
2021-11-20 11:53:00,533 CRIT Supervisor is running as root.  Privileges were not dropped because no user is specified in the config file.  If you intend to run as root, you can set user=root in the config file to avoid this message.
2021-11-20 11:53:00,533 INFO Included extra file "/etc/supervisor/conf.d/supervisor.conf" during parsing
2021-11-20 11:53:00,537 INFO RPC interface 'supervisor' initialized
2021-11-20 11:53:00,537 CRIT Server 'unix_http_server' running without any HTTP authentication checking
2021-11-20 11:53:00,537 INFO supervisord started with pid 8
2021-11-20 11:56:15,747 WARN received SIGQUIT indicating exit request
2021-11-20 11:57:10,620 CRIT Supervisor is running as root.  Privileges were not dropped because no user is specified in the config file.  If you intend to run as root, you can set user=root in the config file to avoid this message.
2021-11-20 11:57:10,620 INFO Included extra file "/etc/supervisor/conf.d/supervisor.conf" during parsing
2021-11-20 11:57:10,624 INFO RPC interface 'supervisor' initialized
2021-11-20 11:57:10,624 CRIT Server 'unix_http_server' running without any HTTP authentication checking
2021-11-20 11:57:10,624 INFO supervisord started with pid 8
2021-11-20 12:00:18,848 WARN received SIGQUIT indicating exit request
2021-11-20 12:00:25,006 CRIT Supervisor is running as root.  Privileges were not dropped because no user is specified in the config file.  If you intend to run as root, you can set user=root in the config file to avoid this message.
2021-11-20 12:00:25,006 INFO Included extra file "/etc/supervisor/conf.d/supervisor.conf" during parsing
2021-11-20 12:00:25,010 INFO RPC interface 'supervisor' initialized
2021-11-20 12:00:25,010 CRIT Server 'unix_http_server' running without any HTTP authentication checking
2021-11-20 12:00:25,010 INFO supervisord started with pid 7
2021-11-20 12:02:29,150 WARN received SIGQUIT indicating exit request
2021-11-20 12:02:37,926 CRIT Supervisor is running as root.  Privileges were not dropped because no user is specified in the config file.  If you intend to run as root, you can set user=root in the config file to avoid this message.
2021-11-20 12:02:37,927 INFO Included extra file "/etc/supervisor/conf.d/supervisor.conf" during parsing
2021-11-20 12:02:37,930 INFO RPC interface 'supervisor' initialized
2021-11-20 12:02:37,930 CRIT Server 'unix_http_server' running without any HTTP authentication checking
2021-11-20 12:02:37,930 INFO supervisord started with pid 8
2021-11-20 12:03:53,019 WARN received SIGQUIT indicating exit request
2021-11-20 12:03:59,927 CRIT Supervisor is running as root.  Privileges were not dropped because no user is specified in the config file.  If you intend to run as root, you can set user=root in the config file to avoid this message.
2021-11-20 12:03:59,927 INFO Included extra file "/etc/supervisor/conf.d/supervisor.conf" during parsing
2021-11-20 12:03:59,931 INFO RPC interface 'supervisor' initialized
2021-11-20 12:03:59,931 CRIT Server 'unix_http_server' running without any HTTP authentication checking
2021-11-20 12:03:59,931 INFO supervisord started with pid 8
2021-11-20 12:07:25,179 WARN received SIGQUIT indicating exit request
2021-11-20 12:15:53,437 CRIT Supervisor is running as root.  Privileges were not dropped because no user is specified in the config file.  If you intend to run as root, you can set user=root in the config file to avoid this message.
2021-11-20 12:15:53,437 INFO Included extra file "/etc/supervisor/conf.d/supervisor.conf" during parsing
2021-11-20 12:15:53,442 INFO RPC interface 'supervisor' initialized
2021-11-20 12:15:53,442 CRIT Server 'unix_http_server' running without any HTTP authentication checking
2021-11-20 12:15:53,442 INFO supervisord started with pid 8
2021-11-20 12:15:53,558 CRIT Supervisor is running as root.  Privileges were not dropped because no user is specified in the config file.  If you intend to run as root, you can set user=root in the config file to avoid this message.
2021-11-20 12:15:53,558 INFO Included extra file "/etc/supervisor/conf.d/supervisor.conf" during parsing
2021-11-20 12:15:53,562 INFO RPC interface 'supervisor' initialized
2021-11-20 12:15:53,562 CRIT Server 'unix_http_server' running without any HTTP authentication checking
2021-11-20 12:15:53,562 INFO supervisord started with pid 7
2021-11-20 12:21:53,871 WARN received SIGQUIT indicating exit request
2021-11-20 12:21:53,994 WARN received SIGQUIT indicating exit request
2021-11-20 12:23:39,467 CRIT Supervisor is running as root.  Privileges were not dropped because no user is specified in the config file.  If you intend to run as root, you can set user=root in the config file to avoid this message.
2021-11-20 12:23:39,467 INFO Included extra file "/etc/supervisor/conf.d/supervisor.conf" during parsing
2021-11-20 12:23:39,471 INFO RPC interface 'supervisor' initialized
2021-11-20 12:23:39,471 CRIT Server 'unix_http_server' running without any HTTP authentication checking
2021-11-20 12:23:39,471 INFO supervisord started with pid 7
2021-11-20 12:23:39,774 CRIT Supervisor is running as root.  Privileges were not dropped because no user is specified in the config file.  If you intend to run as root, you can set user=root in the config file to avoid this message.
2021-11-20 12:23:39,774 INFO Included extra file "/etc/supervisor/conf.d/supervisor.conf" during parsing
2021-11-20 12:23:39,781 INFO RPC interface 'supervisor' initialized
2021-11-20 12:23:39,781 CRIT Server 'unix_http_server' running without any HTTP authentication checking
2021-11-20 12:23:39,781 INFO supervisord started with pid 6
2021-11-20 12:25:37,597 WARN received SIGQUIT indicating exit request
2021-11-20 12:25:37,926 WARN received SIGQUIT indicating exit request
2021-11-20 12:26:19,701 CRIT Supervisor is running as root.  Privileges were not dropped because no user is specified in the config file.  If you intend to run as root, you can set user=root in the config file to avoid this message.
2021-11-20 12:26:19,701 INFO Included extra file "/etc/supervisor/conf.d/supervisor.conf" during parsing
2021-11-20 12:26:19,705 INFO RPC interface 'supervisor' initialized
2021-11-20 12:26:19,705 CRIT Server 'unix_http_server' running without any HTTP authentication checking
2021-11-20 12:26:19,705 INFO supervisord started with pid 7
2021-11-20 12:26:19,797 CRIT Supervisor is running as root.  Privileges were not dropped because no user is specified in the config file.  If you intend to run as root, you can set user=root in the config file to avoid this message.
2021-11-20 12:26:19,797 INFO Included extra file "/etc/supervisor/conf.d/supervisor.conf" during parsing
2021-11-20 12:26:19,801 INFO RPC interface 'supervisor' initialized
2021-11-20 12:26:19,801 CRIT Server 'unix_http_server' running without any HTTP authentication checking
2021-11-20 12:26:19,801 INFO supervisord started with pid 7
2021-11-20 12:27:41,805 WARN received SIGQUIT indicating exit request
2021-11-20 12:27:41,901 WARN received SIGQUIT indicating exit request
2021-11-20 12:27:50,867 CRIT Supervisor is running as root.  Privileges were not dropped because no user is specified in the config file.  If you intend to run as root, you can set user=root in the config file to avoid this message.
2021-11-20 12:27:50,867 INFO Included extra file "/etc/supervisor/conf.d/supervisor.conf" during parsing
2021-11-20 12:27:50,871 INFO RPC interface 'supervisor' initialized
2021-11-20 12:27:50,871 CRIT Server 'unix_http_server' running without any HTTP authentication checking
2021-11-20 12:27:50,871 INFO supervisord started with pid 7
2021-11-20 12:27:50,954 CRIT Supervisor is running as root.  Privileges were not dropped because no user is specified in the config file.  If you intend to run as root, you can set user=root in the config file to avoid this message.
2021-11-20 12:27:50,954 INFO Included extra file "/etc/supervisor/conf.d/supervisor.conf" during parsing
2021-11-20 12:27:50,957 INFO RPC interface 'supervisor' initialized
2021-11-20 12:27:50,958 CRIT Server 'unix_http_server' running without any HTTP authentication checking
2021-11-20 12:27:50,958 INFO supervisord started with pid 7
2021-11-20 12:28:58,956 WARN received SIGQUIT indicating exit request
2021-11-20 12:28:59,040 WARN received SIGQUIT indicating exit request
2021-11-20 12:43:55,660 CRIT Supervisor is running as root.  Privileges were not dropped because no user is specified in the config file.  If you intend to run as root, you can set user=root in the config file to avoid this message.
2021-11-20 12:43:55,660 INFO Included extra file "/etc/supervisor/conf.d/supervisor.conf" during parsing
2021-11-20 12:43:55,663 INFO RPC interface 'supervisor' initialized
2021-11-20 12:43:55,663 CRIT Server 'unix_http_server' running without any HTTP authentication checking
2021-11-20 12:43:55,663 INFO supervisord started with pid 8
2021-11-20 12:43:55,667 CRIT Supervisor is running as root.  Privileges were not dropped because no user is specified in the config file.  If you intend to run as root, you can set user=root in the config file to avoid this message.
2021-11-20 12:43:55,667 INFO Included extra file "/etc/supervisor/conf.d/supervisor.conf" during parsing
2021-11-20 12:43:55,669 INFO RPC interface 'supervisor' initialized
2021-11-20 12:43:55,669 CRIT Server 'unix_http_server' running without any HTTP authentication checking
2021-11-20 12:43:55,669 INFO supervisord started with pid 7
2021-11-20 12:44:28,701 WARN received SIGQUIT indicating exit request
2021-11-20 12:44:28,705 WARN received SIGQUIT indicating exit request
2021-11-20 13:16:45,538 CRIT Supervisor is running as root.  Privileges were not dropped because no user is specified in the config file.  If you intend to run as root, you can set user=root in the config file to avoid this message.
2021-11-20 13:16:45,539 INFO Included extra file "/etc/supervisor/conf.d/supervisor.conf" during parsing
2021-11-20 13:16:45,548 INFO RPC interface 'supervisor' initialized
2021-11-20 13:16:45,548 CRIT Server 'unix_http_server' running without any HTTP authentication checking
2021-11-20 13:16:45,548 INFO supervisord started with pid 7
2021-11-20 13:16:45,629 CRIT Supervisor is running as root.  Privileges were not dropped because no user is specified in the config file.  If you intend to run as root, you can set user=root in the config file to avoid this message.
2021-11-20 13:16:45,629 INFO Included extra file "/etc/supervisor/conf.d/supervisor.conf" during parsing
2021-11-20 13:16:45,632 INFO RPC interface 'supervisor' initialized
2021-11-20 13:16:45,632 CRIT Server 'unix_http_server' running without any HTTP authentication checking
2021-11-20 13:16:45,632 INFO supervisord started with pid 7
2021-11-20 13:21:34,878 WARN received SIGQUIT indicating exit request
2021-11-20 13:21:34,959 WARN received SIGQUIT indicating exit request
